2025-05-23 13:16:39,603 - INFO - Starting log simulation...
2025-05-23 13:16:39,604 - ERROR - Error reading log file: [Errno 2] No such file or directory: 'logs_data_3_000.csv'
2025-05-23 13:16:39,604 - ERROR - Simulation error: [Errno 2] No such file or directory: 'logs_data_3_000.csv'
2025-05-23 13:16:40,604 - ERROR - Error reading log file: [Errno 2] No such file or directory: 'logs_data_3_000.csv'
2025-05-23 13:16:40,605 - ERROR - Simulation error: [Errno 2] No such file or directory: 'logs_data_3_000.csv'
2025-05-23 13:16:41,610 - ERROR - Error reading log file: [Errno 2] No such file or directory: 'logs_data_3_000.csv'
2025-05-23 13:16:41,610 - ERROR - Simulation error: [Errno 2] No such file or directory: 'logs_data_3_000.csv'
2025-05-23 13:16:42,614 - ERROR - Error reading log file: [Errno 2] No such file or directory: 'logs_data_3_000.csv'
2025-05-23 13:16:42,614 - ERROR - Simulation error: [Errno 2] No such file or directory: 'logs_data_3_000.csv'
2025-05-23 13:16:43,579 - INFO - Simulation interrupted by user
2025-05-23 13:16:43,609 - INFO - Simulation stopped
2025-05-23 13:17:17,473 - INFO - Starting log simulation...
2025-05-23 13:17:21,679 - INFO - Inserted 173 logs in 4.13s (41.9 logs/sec)
2025-05-23 13:17:22,942 - INFO - Inserted 829 logs in 0.87s (957.3 logs/sec)
2025-05-23 13:17:26,208 - INFO - Inserted 705 logs in 0.89s (795.9 logs/sec)
2025-05-23 13:17:31,091 - INFO - Inserted 705 logs in 0.76s (933.0 logs/sec)
2025-05-23 13:17:32,021 - INFO - Inserted 369 logs in 0.53s (695.1 logs/sec)
2025-05-23 13:17:37,197 - INFO - Inserted 553 logs in 1.21s (458.5 logs/sec)
2025-05-23 13:17:40,476 - INFO - Inserted 570 logs in 0.79s (723.2 logs/sec)
2025-05-23 13:17:42,682 - INFO - Inserted 128 logs in 1.20s (106.3 logs/sec)
2025-05-23 13:17:47,357 - INFO - Inserted 856 logs in 2.20s (389.3 logs/sec)
2025-05-23 13:17:48,325 - INFO - Inserted 176 logs in 1.39s (126.6 logs/sec)
2025-05-23 13:17:51,559 - INFO - Inserted 392 logs in 0.98s (398.3 logs/sec)
2025-05-23 13:17:53,902 - INFO - Inserted 865 logs in 2.37s (364.9 logs/sec)
2025-05-23 13:17:56,889 - INFO - Inserted 526 logs in 5.22s (100.7 logs/sec)
2025-05-23 13:17:57,732 - INFO - Inserted 861 logs in 4.60s (187.3 logs/sec)
2025-05-23 13:17:58,065 - INFO - Inserted 811 logs in 2.66s (304.4 logs/sec)
2025-05-23 13:17:59,458 - INFO - Inserted 180 logs in 1.56s (115.4 logs/sec)
2025-05-23 13:17:59,658 - INFO - Inserted 105 logs in 1.34s (78.4 logs/sec)
2025-05-23 13:18:01,114 - INFO - Inserted 445 logs in 0.86s (515.6 logs/sec)
2025-05-23 13:18:02,747 - INFO - Inserted 765 logs in 1.22s (629.0 logs/sec)
2025-05-23 13:18:05,230 - INFO - Inserted 324 logs in 2.14s (151.7 logs/sec)
2025-05-23 13:18:07,065 - INFO - Inserted 116 logs in 1.46s (79.7 logs/sec)
2025-05-23 13:18:13,721 - INFO - Inserted 721 logs in 4.59s (156.9 logs/sec)
2025-05-23 13:18:14,877 - INFO - Inserted 591 logs in 1.79s (329.3 logs/sec)
2025-05-23 13:18:17,488 - INFO - Inserted 378 logs in 0.57s (661.7 logs/sec)
2025-05-23 13:18:20,348 - INFO - Inserted 821 logs in 1.03s (799.4 logs/sec)
2025-05-23 13:18:24,699 - INFO - Inserted 559 logs in 1.40s (400.1 logs/sec)
2025-05-23 13:18:30,381 - INFO - Inserted 587 logs in 2.69s (218.4 logs/sec)
2025-05-23 13:18:35,415 - INFO - Inserted 575 logs in 4.41s (130.4 logs/sec)
2025-05-23 13:18:41,749 - WARNING - Retryable error detected: Code: 745.
DB::Exception: CPU is overloaded, CPU is waiting for execution way more than executing, ratio of wait time (OSCPUWaitMicroseconds metric) to busy time (OSCPUVirtualTimeMicroseconds metric) is 3.673949353783636. Min ratio for error (min_os_cpu_wait_time_ratio_to_throw setting) 2, max ratio for error (max_os_cpu_wait_time_ratio_to_throw setting) 6, probability used to decide whether to discard the query 0.418487338445909. Consider reducing the number of queries or increase backoff between retries.. Stack trace:

0. DB::Exception::Exception(DB::Exception::MessageMasked&&, int, bool) @ 0x000000000f2bff3b
1. DB::Exception::Exception(PreformattedMessage const&, int) @ 0x000000000f34540c
2. ProfileEvents::checkCPUOverload(long, double, double, bool) @ 0x000000000f345075
3. DB::executeQuery(String const&, std::shared_ptr<DB::Context>, DB::QueryFlags, DB::QueryProcessingStage::Enum) @ 0x000000001359084e
4. DB::TCPHandler::runImpl() @ 0x00000000148f0a7e
5. DB::TCPHandler::run() @ 0x000000001490f779
6. Poco::Net::TCPServerConnection::start() @ 0x00000000180162e7
7. Poco::Net::TCPServerDispatcher::run() @ 0x0000000018016739
8. Poco::PooledThread::run() @ 0x0000000017fe1a5b
9. Poco::ThreadImpl::runnableEntry(void*) @ 0x0000000017fdff3d
10. ? @ 0x00007fa4a1494ac3
11. ? @ 0x00007fa4a1526850
, retrying in 5 seconds (attempt 1/3)
2025-05-23 13:18:41,812 - INFO - Inserted 859 logs in 7.35s (116.9 logs/sec)
2025-05-23 13:18:47,424 - WARNING - Retryable error detected: Code: 745.
DB::Exception: CPU is overloaded, CPU is waiting for execution way more than executing, ratio of wait time (OSCPUWaitMicroseconds metric) to busy time (OSCPUVirtualTimeMicroseconds metric) is 4.687877542458141. Min ratio for error (min_os_cpu_wait_time_ratio_to_throw setting) 2, max ratio for error (max_os_cpu_wait_time_ratio_to_throw setting) 6, probability used to decide whether to discard the query 0.6719693856145352. Consider reducing the number of queries or increase backoff between retries.. Stack trace:

0. DB::Exception::Exception(DB::Exception::MessageMasked&&, int, bool) @ 0x000000000f2bff3b
1. DB::Exception::Exception(PreformattedMessage const&, int) @ 0x000000000f34540c
2. ProfileEvents::checkCPUOverload(long, double, double, bool) @ 0x000000000f345075
3. DB::executeQuery(String const&, std::shared_ptr<DB::Context>, DB::QueryFlags, DB::QueryProcessingStage::Enum) @ 0x000000001359084e
4. DB::TCPHandler::runImpl() @ 0x00000000148f0a7e
5. DB::TCPHandler::run() @ 0x000000001490f779
6. Poco::Net::TCPServerConnection::start() @ 0x00000000180162e7
7. Poco::Net::TCPServerDispatcher::run() @ 0x0000000018016739
8. Poco::PooledThread::run() @ 0x0000000017fe1a5b
9. Poco::ThreadImpl::runnableEntry(void*) @ 0x0000000017fdff3d
10. ? @ 0x00007fa4a1494ac3
11. ? @ 0x00007fa4a1526850
, retrying in 10 seconds (attempt 2/3)
2025-05-23 13:18:47,490 - INFO - Inserted 104 logs in 9.22s (11.3 logs/sec)
2025-05-23 13:18:47,516 - WARNING - Retryable error detected: Code: 745.
DB::Exception: CPU is overloaded, CPU is waiting for execution way more than executing, ratio of wait time (OSCPUWaitMicroseconds metric) to busy time (OSCPUVirtualTimeMicroseconds metric) is 6. Min ratio for error (min_os_cpu_wait_time_ratio_to_throw setting) 2, max ratio for error (max_os_cpu_wait_time_ratio_to_throw setting) 6, probability used to decide whether to discard the query 1. Consider reducing the number of queries or increase backoff between retries.. Stack trace:

0. DB::Exception::Exception(DB::Exception::MessageMasked&&, int, bool) @ 0x000000000f2bff3b
1. DB::Exception::Exception(PreformattedMessage const&, int) @ 0x000000000f34540c
2. ProfileEvents::checkCPUOverload(long, double, double, bool) @ 0x000000000f345075
3. DB::executeQuery(String const&, std::shared_ptr<DB::Context>, DB::QueryFlags, DB::QueryProcessingStage::Enum) @ 0x000000001359084e
4. DB::TCPHandler::runImpl() @ 0x00000000148f0a7e
5. DB::TCPHandler::run() @ 0x000000001490f779
6. Poco::Net::TCPServerConnection::start() @ 0x00000000180162e7
7. Poco::Net::TCPServerDispatcher::run() @ 0x0000000018016739
8. Poco::PooledThread::run() @ 0x0000000017fe1a5b
9. Poco::ThreadImpl::runnableEntry(void*) @ 0x0000000017fdff3d
10. ? @ 0x00007fa4a1494ac3
11. ? @ 0x00007fa4a1526850
, retrying in 5 seconds (attempt 1/3)
2025-05-23 13:18:47,909 - INFO - Inserted 314 logs in 3.86s (81.3 logs/sec)
2025-05-23 13:18:47,971 - WARNING - Retryable error detected: Code: 745.
DB::Exception: CPU is overloaded, CPU is waiting for execution way more than executing, ratio of wait time (OSCPUWaitMicroseconds metric) to busy time (OSCPUVirtualTimeMicroseconds metric) is 5.931684804576177. Min ratio for error (min_os_cpu_wait_time_ratio_to_throw setting) 2, max ratio for error (max_os_cpu_wait_time_ratio_to_throw setting) 6, probability used to decide whether to discard the query 0.9829212011440442. Consider reducing the number of queries or increase backoff between retries.. Stack trace:

0. DB::Exception::Exception(DB::Exception::MessageMasked&&, int, bool) @ 0x000000000f2bff3b
1. DB::Exception::Exception(PreformattedMessage const&, int) @ 0x000000000f34540c
2. ProfileEvents::checkCPUOverload(long, double, double, bool) @ 0x000000000f345075
3. DB::executeQuery(String const&, std::shared_ptr<DB::Context>, DB::QueryFlags, DB::QueryProcessingStage::Enum) @ 0x000000001359084e
4. DB::TCPHandler::runImpl() @ 0x00000000148f0a7e
5. DB::TCPHandler::run() @ 0x000000001490f779
6. Poco::Net::TCPServerConnection::start() @ 0x00000000180162e7
7. Poco::Net::TCPServerDispatcher::run() @ 0x0000000018016739
8. Poco::PooledThread::run() @ 0x0000000017fe1a5b
9. Poco::ThreadImpl::runnableEntry(void*) @ 0x0000000017fdff3d
10. ? @ 0x00007fa4a1494ac3
11. ? @ 0x00007fa4a1526850
, retrying in 5 seconds (attempt 1/3)
2025-05-23 13:18:54,976 - INFO - Inserted 993 logs in 7.49s (132.7 logs/sec)
2025-05-23 13:18:55,119 - INFO - Inserted 402 logs in 7.21s (55.8 logs/sec)
2025-05-23 13:18:57,894 - INFO - Inserted 191 logs in 2.77s (68.8 logs/sec)
2025-05-23 13:18:58,024 - INFO - Inserted 632 logs in 3.05s (207.4 logs/sec)
2025-05-23 13:18:59,620 - INFO - Inserted 383 logs in 1.73s (221.9 logs/sec)
2025-05-23 13:19:00,911 - INFO - Inserted 797 logs in 19.68s (40.5 logs/sec)
2025-05-23 13:19:02,489 - INFO - Inserted 560 logs in 3.45s (162.3 logs/sec)
2025-05-23 13:19:06,153 - INFO - Inserted 730 logs in 3.01s (242.6 logs/sec)
2025-05-23 13:19:07,525 - INFO - Inserted 977 logs in 2.12s (460.5 logs/sec)
2025-05-23 13:19:10,124 - WARNING - Retryable error detected: Code: 745.
DB::Exception: CPU is overloaded, CPU is waiting for execution way more than executing, ratio of wait time (OSCPUWaitMicroseconds metric) to busy time (OSCPUVirtualTimeMicroseconds metric) is 4.281702017815738. Min ratio for error (min_os_cpu_wait_time_ratio_to_throw setting) 2, max ratio for error (max_os_cpu_wait_time_ratio_to_throw setting) 6, probability used to decide whether to discard the query 0.5704255044539346. Consider reducing the number of queries or increase backoff between retries.. Stack trace:

0. DB::Exception::Exception(DB::Exception::MessageMasked&&, int, bool) @ 0x000000000f2bff3b
1. DB::Exception::Exception(PreformattedMessage const&, int) @ 0x000000000f34540c
2. ProfileEvents::checkCPUOverload(long, double, double, bool) @ 0x000000000f345075
3. DB::executeQuery(String const&, std::shared_ptr<DB::Context>, DB::QueryFlags, DB::QueryProcessingStage::Enum) @ 0x000000001359084e
4. DB::TCPHandler::runImpl() @ 0x00000000148f0a7e
5. DB::TCPHandler::run() @ 0x000000001490f779
6. Poco::Net::TCPServerConnection::start() @ 0x00000000180162e7
7. Poco::Net::TCPServerDispatcher::run() @ 0x0000000018016739
8. Poco::PooledThread::run() @ 0x0000000017fe1a5b
9. Poco::ThreadImpl::runnableEntry(void*) @ 0x0000000017fdff3d
10. ? @ 0x00007fa4a1494ac3
11. ? @ 0x00007fa4a1526850
, retrying in 5 seconds (attempt 1/3)
2025-05-23 13:19:14,750 - INFO - Inserted 532 logs in 1.54s (345.8 logs/sec)
2025-05-23 13:19:18,329 - INFO - Inserted 657 logs in 8.35s (78.7 logs/sec)
2025-05-23 13:19:20,745 - INFO - Inserted 595 logs in 3.62s (164.6 logs/sec)
2025-05-23 13:19:20,749 - INFO - Simulation completed
2025-05-23 13:19:20,750 - INFO - Simulation stopped
